<?xml version="1.0" encoding="UTF-8"?>
<testsuite xmlns:xsi="http://www.w3.org/2001/XMLSchema-instance" xsi:noNamespaceSchemaLocation="https://maven.apache.org/surefire/maven-surefire-plugin/xsd/surefire-test-report-3.0.xsd" version="3.0" name="com.example.ilp_cw1.unit.DeliveryPathControllerTest" time="0.045" tests="6" errors="0" skipped="0" failures="0">
  <properties>
[...]
</properties>
  <testcase name="testCalcDeliveryPath_withValidOrder_returnsPath" classname="com.example.ilp_cw1.unit.DeliveryPathControllerTest" time="0.01"/>
  <testcase name="testDoLinesIntersect_nonIntersectingLines_returnsFalse" classname="com.example.ilp_cw1.unit.DeliveryPathControllerTest" time="0.004"/>
  <testcase name="testCalcDeliveryPath_withInvalidOrder_returnsBadRequest" classname="com.example.ilp_cw1.unit.DeliveryPathControllerTest" time="0.006"/>
  <testcase name="testDoLinesIntersect_intersectingLines_returnsTrue" classname="com.example.ilp_cw1.unit.DeliveryPathControllerTest" time="0.008"/>
  <testcase name="testCalculateHeuristic_returnsCorrectValue" classname="com.example.ilp_cw1.unit.DeliveryPathControllerTest" time="0.003"/>
  <testcase name="testCalcDeliveryPathAsGeoJson_withValidOrder_returnsGeoJsonPath" classname="com.example.ilp_cw1.unit.DeliveryPathControllerTest" time="0.007"/>
</testsuite>