<?xml version="1.0" encoding="UTF-8"?>
<testsuite xmlns:xsi="http://www.w3.org/2001/XMLSchema-instance" xsi:noNamespaceSchemaLocation="https://maven.apache.org/surefire/maven-surefire-plugin/xsd/surefire-test-report-3.0.xsd" version="3.0" name="com.example.ilp_cw1.api.ApiTest" time="10.898" tests="31" errors="0" skipped="0" failures="0">
  <properties>
[...]
</properties>
  <testcase name="shouldReturnIsAlive" classname="com.example.ilp_cw1.api.ApiTest" time="1.481">
    <system-out><![CDATA[13:53:32.335 [main] INFO org.springframework.test.context.support.AnnotationConfigContextLoaderUtils -- Could not detect default configuration classes for test class [com.example.ilp_cw1.api.ApiTest]: ApiTest does not declare any static, non-private, non-final, nested classes annotated with @Configuration.
13:53:32.501 [main] INFO org.springframework.boot.test.context.SpringBootTestContextBootstrapper -- Found @SpringBootConfiguration com.example.ilp_cw1.IlpCw1Application for test class com.example.ilp_cw1.api.ApiTest

  .   ____          _            __ _ _
 /\\ / ___'_ __ _ _(_)_ __  __ _ \ \ \ \
( ( )\___ | '_ | '_| | '_ \/ _` | \ \ \ \
 \\/  ___)| |_)| | | | | || (_| |  ) ) ) )
  '  |____| .__|_| |_|_| |_\__, | / / / /
 =========|_|==============|___/=/_/_/_/

 :: Spring Boot ::                (v3.3.4)

2025-01-19T13:53:33.378Z  INFO 7108 --- [ILP_cw1] [           main] com.example.ilp_cw1.api.ApiTest          : Starting ApiTest using Java 19.0.1 with PID 7108 (started by panim in C:\Users\panim\Documents\PizzaDronz)
2025-01-19T13:53:33.379Z  INFO 7108 --- [ILP_cw1] [           main] com.example.ilp_cw1.api.ApiTest          : No active profile set, falling back to 1 default profile: "default"
2025-01-19T13:53:35.276Z  INFO 7108 --- [ILP_cw1] [           main] o.s.b.w.embedded.tomcat.TomcatWebServer  : Tomcat initialized with port 0 (http)
2025-01-19T13:53:35.294Z  INFO 7108 --- [ILP_cw1] [           main] o.apache.catalina.core.StandardService   : Starting service [Tomcat]
2025-01-19T13:53:35.295Z  INFO 7108 --- [ILP_cw1] [           main] o.apache.catalina.core.StandardEngine    : Starting Servlet engine: [Apache Tomcat/10.1.30]
2025-01-19T13:53:35.396Z  INFO 7108 --- [ILP_cw1] [           main] o.a.c.c.C.[Tomcat].[localhost].[/]       : Initializing Spring embedded WebApplicationContext
2025-01-19T13:53:35.398Z  INFO 7108 --- [ILP_cw1] [           main] w.s.c.ServletWebServerApplicationContext : Root WebApplicationContext: initialization completed in 1712 ms
2025-01-19T13:53:36.480Z  INFO 7108 --- [ILP_cw1] [           main] o.s.b.w.embedded.tomcat.TomcatWebServer  : Tomcat started on port 57063 (http) with context path '/'
2025-01-19T13:53:36.496Z  INFO 7108 --- [ILP_cw1] [           main] com.example.ilp_cw1.api.ApiTest          : Started ApiTest in 3.599 seconds (process running for 5.331)
2025-01-19T13:53:37.854Z  INFO 7108 --- [ILP_cw1] [           main] o.a.c.c.C.[Tomcat].[localhost].[/]       : Initializing Spring TestDispatcherServlet ''
2025-01-19T13:53:37.854Z  INFO 7108 --- [ILP_cw1] [           main] o.s.t.web.servlet.TestDispatcherServlet  : Initializing Servlet ''
2025-01-19T13:53:37.855Z  INFO 7108 --- [ILP_cw1] [           main] o.s.t.web.servlet.TestDispatcherServlet  : Completed initialization in 1 ms
2025-01-19T13:53:37.860Z  INFO 7108 --- [ILP_cw1] [           main] o.a.c.c.C.[Tomcat].[localhost].[/]       : Initializing Spring TestDispatcherServlet ''
2025-01-19T13:53:37.860Z  INFO 7108 --- [ILP_cw1] [           main] o.s.t.web.servlet.TestDispatcherServlet  : Initializing Servlet ''
2025-01-19T13:53:37.861Z  INFO 7108 --- [ILP_cw1] [           main] o.s.t.web.servlet.TestDispatcherServlet  : Completed initialization in 1 ms
]]></system-out>
  </testcase>
  <testcase name="testValidateOrder_InvalidPizzaDefinition_ShouldReturnInvalidWithPizzaNotDefinedCode" classname="com.example.ilp_cw1.api.ApiTest" time="1.452">
    <system-out><![CDATA[2025-01-19T13:53:38.003Z  INFO 7108 --- [ILP_cw1] [           main] o.a.c.c.C.[Tomcat].[localhost].[/]       : Initializing Spring TestDispatcherServlet ''
2025-01-19T13:53:38.004Z  INFO 7108 --- [ILP_cw1] [           main] o.s.t.web.servlet.TestDispatcherServlet  : Initializing Servlet ''
2025-01-19T13:53:38.004Z  INFO 7108 --- [ILP_cw1] [           main] o.s.t.web.servlet.TestDispatcherServlet  : Completed initialization in 0 ms
]]></system-out>
  </testcase>
  <testcase name="testIsInRegion_EmptyRegion" classname="com.example.ilp_cw1.api.ApiTest" time="0.028">
    <system-out><![CDATA[2025-01-19T13:53:39.456Z  INFO 7108 --- [ILP_cw1] [           main] o.a.c.c.C.[Tomcat].[localhost].[/]       : Initializing Spring TestDispatcherServlet ''
2025-01-19T13:53:39.456Z  INFO 7108 --- [ILP_cw1] [           main] o.s.t.web.servlet.TestDispatcherServlet  : Initializing Servlet ''
2025-01-19T13:53:39.457Z  INFO 7108 --- [ILP_cw1] [           main] o.s.t.web.servlet.TestDispatcherServlet  : Completed initialization in 0 ms
2025-01-19T13:53:39.460Z  INFO 7108 --- [ILP_cw1] [           main] o.a.c.c.C.[Tomcat].[localhost].[/]       : Initializing Spring TestDispatcherServlet ''
2025-01-19T13:53:39.460Z  INFO 7108 --- [ILP_cw1] [           main] o.s.t.web.servlet.TestDispatcherServlet  : Initializing Servlet ''
2025-01-19T13:53:39.461Z  INFO 7108 --- [ILP_cw1] [           main] o.s.t.web.servlet.TestDispatcherServlet  : Completed initialization in 1 ms
]]></system-out>
  </testcase>
  <testcase name="shouldReturnUuidString" classname="com.example.ilp_cw1.api.ApiTest" time="0.009">
    <system-out><![CDATA[2025-01-19T13:53:39.486Z  INFO 7108 --- [ILP_cw1] [           main] o.a.c.c.C.[Tomcat].[localhost].[/]       : Initializing Spring TestDispatcherServlet ''
2025-01-19T13:53:39.486Z  INFO 7108 --- [ILP_cw1] [           main] o.s.t.web.servlet.TestDispatcherServlet  : Initializing Servlet ''
2025-01-19T13:53:39.487Z  INFO 7108 --- [ILP_cw1] [           main] o.s.t.web.servlet.TestDispatcherServlet  : Completed initialization in 1 ms
2025-01-19T13:53:39.488Z  INFO 7108 --- [ILP_cw1] [           main] o.a.c.c.C.[Tomcat].[localhost].[/]       : Initializing Spring TestDispatcherServlet ''
2025-01-19T13:53:39.488Z  INFO 7108 --- [ILP_cw1] [           main] o.s.t.web.servlet.TestDispatcherServlet  : Initializing Servlet ''
2025-01-19T13:53:39.489Z  INFO 7108 --- [ILP_cw1] [           main] o.s.t.web.servlet.TestDispatcherServlet  : Completed initialization in 1 ms
]]></system-out>
  </testcase>
  <testcase name="testValidateOrder_InvalidCVV_ShouldReturnInvalidWithCVVInvalidCode" classname="com.example.ilp_cw1.api.ApiTest" time="0.21">
    <system-out><![CDATA[2025-01-19T13:53:39.497Z  INFO 7108 --- [ILP_cw1] [           main] o.a.c.c.C.[Tomcat].[localhost].[/]       : Initializing Spring TestDispatcherServlet ''
2025-01-19T13:53:39.497Z  INFO 7108 --- [ILP_cw1] [           main] o.s.t.web.servlet.TestDispatcherServlet  : Initializing Servlet ''
2025-01-19T13:53:39.499Z  INFO 7108 --- [ILP_cw1] [           main] o.s.t.web.servlet.TestDispatcherServlet  : Completed initialization in 1 ms
]]></system-out>
  </testcase>
  <testcase name="testValidateOrder_EmptyOrder_ShouldReturnInvalidWithEmptyOrderCode" classname="com.example.ilp_cw1.api.ApiTest" time="0.01">
    <system-out><![CDATA[2025-01-19T13:53:39.709Z  INFO 7108 --- [ILP_cw1] [           main] o.a.c.c.C.[Tomcat].[localhost].[/]       : Initializing Spring TestDispatcherServlet ''
2025-01-19T13:53:39.709Z  INFO 7108 --- [ILP_cw1] [           main] o.s.t.web.servlet.TestDispatcherServlet  : Initializing Servlet ''
2025-01-19T13:53:39.710Z  INFO 7108 --- [ILP_cw1] [           main] o.s.t.web.servlet.TestDispatcherServlet  : Completed initialization in 1 ms
]]></system-out>
  </testcase>
  <testcase name="testGetDistanceTo_Success" classname="com.example.ilp_cw1.api.ApiTest" time="0.016">
    <system-out><![CDATA[2025-01-19T13:53:39.720Z  INFO 7108 --- [ILP_cw1] [           main] o.a.c.c.C.[Tomcat].[localhost].[/]       : Initializing Spring TestDispatcherServlet ''
2025-01-19T13:53:39.720Z  INFO 7108 --- [ILP_cw1] [           main] o.s.t.web.servlet.TestDispatcherServlet  : Initializing Servlet ''
2025-01-19T13:53:39.721Z  INFO 7108 --- [ILP_cw1] [           main] o.s.t.web.servlet.TestDispatcherServlet  : Completed initialization in 1 ms
2025-01-19T13:53:39.722Z  INFO 7108 --- [ILP_cw1] [           main] o.a.c.c.C.[Tomcat].[localhost].[/]       : Initializing Spring TestDispatcherServlet ''
2025-01-19T13:53:39.722Z  INFO 7108 --- [ILP_cw1] [           main] o.s.t.web.servlet.TestDispatcherServlet  : Initializing Servlet ''
2025-01-19T13:53:39.723Z  INFO 7108 --- [ILP_cw1] [           main] o.s.t.web.servlet.TestDispatcherServlet  : Completed initialization in 1 ms
]]></system-out>
  </testcase>
  <testcase name="testValidateOrder_InvalidTotalPrice_ShouldReturnInvalidWithTotalIncorrectCode" classname="com.example.ilp_cw1.api.ApiTest" time="0.252">
    <system-out><![CDATA[2025-01-19T13:53:39.737Z  INFO 7108 --- [ILP_cw1] [           main] o.a.c.c.C.[Tomcat].[localhost].[/]       : Initializing Spring TestDispatcherServlet ''
2025-01-19T13:53:39.738Z  INFO 7108 --- [ILP_cw1] [           main] o.s.t.web.servlet.TestDispatcherServlet  : Initializing Servlet ''
2025-01-19T13:53:39.739Z  INFO 7108 --- [ILP_cw1] [           main] o.s.t.web.servlet.TestDispatcherServlet  : Completed initialization in 1 ms
]]></system-out>
  </testcase>
  <testcase name="testIsCloseTo_FarPositions" classname="com.example.ilp_cw1.api.ApiTest" time="0.009">
    <system-out><![CDATA[2025-01-19T13:53:39.991Z  INFO 7108 --- [ILP_cw1] [           main] o.a.c.c.C.[Tomcat].[localhost].[/]       : Initializing Spring TestDispatcherServlet ''
2025-01-19T13:53:39.991Z  INFO 7108 --- [ILP_cw1] [           main] o.s.t.web.servlet.TestDispatcherServlet  : Initializing Servlet ''
2025-01-19T13:53:39.992Z  INFO 7108 --- [ILP_cw1] [           main] o.s.t.web.servlet.TestDispatcherServlet  : Completed initialization in 1 ms
2025-01-19T13:53:39.992Z  INFO 7108 --- [ILP_cw1] [           main] o.a.c.c.C.[Tomcat].[localhost].[/]       : Initializing Spring TestDispatcherServlet ''
2025-01-19T13:53:39.992Z  INFO 7108 --- [ILP_cw1] [           main] o.s.t.web.servlet.TestDispatcherServlet  : Initializing Servlet ''
2025-01-19T13:53:39.993Z  INFO 7108 --- [ILP_cw1] [           main] o.s.t.web.servlet.TestDispatcherServlet  : Completed initialization in 0 ms
]]></system-out>
  </testcase>
  <testcase name="testGetNextPosition_InvalidAngle" classname="com.example.ilp_cw1.api.ApiTest" time="0.014">
    <system-out><![CDATA[2025-01-19T13:53:40.001Z  INFO 7108 --- [ILP_cw1] [           main] o.a.c.c.C.[Tomcat].[localhost].[/]       : Initializing Spring TestDispatcherServlet ''
2025-01-19T13:53:40.001Z  INFO 7108 --- [ILP_cw1] [           main] o.s.t.web.servlet.TestDispatcherServlet  : Initializing Servlet ''
2025-01-19T13:53:40.002Z  INFO 7108 --- [ILP_cw1] [           main] o.s.t.web.servlet.TestDispatcherServlet  : Completed initialization in 1 ms
2025-01-19T13:53:40.003Z  INFO 7108 --- [ILP_cw1] [           main] o.a.c.c.C.[Tomcat].[localhost].[/]       : Initializing Spring TestDispatcherServlet ''
2025-01-19T13:53:40.003Z  INFO 7108 --- [ILP_cw1] [           main] o.s.t.web.servlet.TestDispatcherServlet  : Initializing Servlet ''
2025-01-19T13:53:40.004Z  INFO 7108 --- [ILP_cw1] [           main] o.s.t.web.servlet.TestDispatcherServlet  : Completed initialization in 1 ms
]]></system-out>
  </testcase>
  <testcase name="testGetDistanceTo_MalformedJson" classname="com.example.ilp_cw1.api.ApiTest" time="0.012">
    <system-out><![CDATA[2025-01-19T13:53:40.018Z  INFO 7108 --- [ILP_cw1] [           main] o.a.c.c.C.[Tomcat].[localhost].[/]       : Initializing Spring TestDispatcherServlet ''
2025-01-19T13:53:40.018Z  INFO 7108 --- [ILP_cw1] [           main] o.s.t.web.servlet.TestDispatcherServlet  : Initializing Servlet ''
2025-01-19T13:53:40.019Z  INFO 7108 --- [ILP_cw1] [           main] o.s.t.web.servlet.TestDispatcherServlet  : Completed initialization in 1 ms
2025-01-19T13:53:40.020Z  INFO 7108 --- [ILP_cw1] [           main] o.a.c.c.C.[Tomcat].[localhost].[/]       : Initializing Spring TestDispatcherServlet ''
2025-01-19T13:53:40.020Z  INFO 7108 --- [ILP_cw1] [           main] o.s.t.web.servlet.TestDispatcherServlet  : Initializing Servlet ''
2025-01-19T13:53:40.021Z  INFO 7108 --- [ILP_cw1] [           main] o.s.t.web.servlet.TestDispatcherServlet  : Completed initialization in 1 ms
2025-01-19T13:53:40.026Z  WARN 7108 --- [ILP_cw1] [           main] .w.s.m.s.DefaultHandlerExceptionResolver : Resolved [org.springframework.http.converter.HttpMessageNotReadableException: JSON parse error: Unexpected end-of-input: expected close marker for Object (start marker at [Source: REDACTED (`StreamReadFeature.INCLUDE_SOURCE_IN_LOCATION` disabled); line: 1, column: 1])]
]]></system-out>
  </testcase>
  <testcase name="testIsInRegion_InvalidPolygon" classname="com.example.ilp_cw1.api.ApiTest" time="0.011">
    <system-out><![CDATA[2025-01-19T13:53:40.030Z  INFO 7108 --- [ILP_cw1] [           main] o.a.c.c.C.[Tomcat].[localhost].[/]       : Initializing Spring TestDispatcherServlet ''
2025-01-19T13:53:40.031Z  INFO 7108 --- [ILP_cw1] [           main] o.s.t.web.servlet.TestDispatcherServlet  : Initializing Servlet ''
2025-01-19T13:53:40.031Z  INFO 7108 --- [ILP_cw1] [           main] o.s.t.web.servlet.TestDispatcherServlet  : Completed initialization in 0 ms
2025-01-19T13:53:40.032Z  INFO 7108 --- [ILP_cw1] [           main] o.a.c.c.C.[Tomcat].[localhost].[/]       : Initializing Spring TestDispatcherServlet ''
2025-01-19T13:53:40.032Z  INFO 7108 --- [ILP_cw1] [           main] o.s.t.web.servlet.TestDispatcherServlet  : Initializing Servlet ''
2025-01-19T13:53:40.033Z  INFO 7108 --- [ILP_cw1] [           main] o.s.t.web.servlet.TestDispatcherServlet  : Completed initialization in 1 ms
]]></system-out>
  </testcase>
  <testcase name="testCalcDeliveryPath_ExceptionHandling_ShouldReturnBadRequest" classname="com.example.ilp_cw1.api.ApiTest" time="0.01">
    <system-out><![CDATA[2025-01-19T13:53:40.045Z  INFO 7108 --- [ILP_cw1] [           main] o.a.c.c.C.[Tomcat].[localhost].[/]       : Initializing Spring TestDispatcherServlet ''
2025-01-19T13:53:40.045Z  INFO 7108 --- [ILP_cw1] [           main] o.s.t.web.servlet.TestDispatcherServlet  : Initializing Servlet ''
2025-01-19T13:53:40.046Z  INFO 7108 --- [ILP_cw1] [           main] o.s.t.web.servlet.TestDispatcherServlet  : Completed initialization in 1 ms
]]></system-out>
  </testcase>
  <testcase name="testValidateOrderPerformance" classname="com.example.ilp_cw1.api.ApiTest" time="0.201">
    <system-out><![CDATA[2025-01-19T13:53:40.055Z  INFO 7108 --- [ILP_cw1] [           main] o.a.c.c.C.[Tomcat].[localhost].[/]       : Initializing Spring TestDispatcherServlet ''
2025-01-19T13:53:40.056Z  INFO 7108 --- [ILP_cw1] [           main] o.s.t.web.servlet.TestDispatcherServlet  : Initializing Servlet ''
2025-01-19T13:53:40.057Z  INFO 7108 --- [ILP_cw1] [           main] o.s.t.web.servlet.TestDispatcherServlet  : Completed initialization in 1 ms
2025-01-19T13:53:40.058Z  INFO 7108 --- [ILP_cw1] [           main] o.a.c.c.C.[Tomcat].[localhost].[/]       : Initializing Spring TestDispatcherServlet ''
2025-01-19T13:53:40.058Z  INFO 7108 --- [ILP_cw1] [           main] o.s.t.web.servlet.TestDispatcherServlet  : Initializing Servlet ''
2025-01-19T13:53:40.059Z  INFO 7108 --- [ILP_cw1] [           main] o.s.t.web.servlet.TestDispatcherServlet  : Completed initialization in 1 ms
]]></system-out>
  </testcase>
  <testcase name="testGetNextPosition_UnexpectedError" classname="com.example.ilp_cw1.api.ApiTest" time="0.006">
    <system-out><![CDATA[2025-01-19T13:53:40.257Z  INFO 7108 --- [ILP_cw1] [           main] o.a.c.c.C.[Tomcat].[localhost].[/]       : Initializing Spring TestDispatcherServlet ''
2025-01-19T13:53:40.257Z  INFO 7108 --- [ILP_cw1] [           main] o.s.t.web.servlet.TestDispatcherServlet  : Initializing Servlet ''
2025-01-19T13:53:40.258Z  INFO 7108 --- [ILP_cw1] [           main] o.s.t.web.servlet.TestDispatcherServlet  : Completed initialization in 1 ms
2025-01-19T13:53:40.259Z  INFO 7108 --- [ILP_cw1] [           main] o.a.c.c.C.[Tomcat].[localhost].[/]       : Initializing Spring TestDispatcherServlet ''
2025-01-19T13:53:40.259Z  INFO 7108 --- [ILP_cw1] [           main] o.s.t.web.servlet.TestDispatcherServlet  : Initializing Servlet ''
2025-01-19T13:53:40.259Z  INFO 7108 --- [ILP_cw1] [           main] o.s.t.web.servlet.TestDispatcherServlet  : Completed initialization in 0 ms
2025-01-19T13:53:40.260Z  WARN 7108 --- [ILP_cw1] [           main] .w.s.m.s.DefaultHandlerExceptionResolver : Resolved [org.springframework.http.converter.HttpMessageNotReadableException: JSON parse error: Unexpected end-of-input: expected close marker for Object (start marker at [Source: REDACTED (`StreamReadFeature.INCLUDE_SOURCE_IN_LOCATION` disabled); line: 1, column: 1])]
]]></system-out>
  </testcase>
  <testcase name="testCalcDeliveryPathAsGeoJson_ValidOrder_ShouldReturnGeoJson" classname="com.example.ilp_cw1.api.ApiTest" time="0.643">
    <system-out><![CDATA[2025-01-19T13:53:40.265Z  INFO 7108 --- [ILP_cw1] [           main] o.a.c.c.C.[Tomcat].[localhost].[/]       : Initializing Spring TestDispatcherServlet ''
2025-01-19T13:53:40.265Z  INFO 7108 --- [ILP_cw1] [           main] o.s.t.web.servlet.TestDispatcherServlet  : Initializing Servlet ''
2025-01-19T13:53:40.266Z  INFO 7108 --- [ILP_cw1] [           main] o.s.t.web.servlet.TestDispatcherServlet  : Completed initialization in 1 ms
]]></system-out>
  </testcase>
  <testcase name="testIsInRegion_InvalidPoint" classname="com.example.ilp_cw1.api.ApiTest" time="0.016">
    <system-out><![CDATA[2025-01-19T13:53:40.913Z  INFO 7108 --- [ILP_cw1] [           main] o.a.c.c.C.[Tomcat].[localhost].[/]       : Initializing Spring TestDispatcherServlet ''
2025-01-19T13:53:40.913Z  INFO 7108 --- [ILP_cw1] [           main] o.s.t.web.servlet.TestDispatcherServlet  : Initializing Servlet ''
2025-01-19T13:53:40.915Z  INFO 7108 --- [ILP_cw1] [           main] o.s.t.web.servlet.TestDispatcherServlet  : Completed initialization in 1 ms
2025-01-19T13:53:40.916Z  INFO 7108 --- [ILP_cw1] [           main] o.a.c.c.C.[Tomcat].[localhost].[/]       : Initializing Spring TestDispatcherServlet ''
2025-01-19T13:53:40.917Z  INFO 7108 --- [ILP_cw1] [           main] o.s.t.web.servlet.TestDispatcherServlet  : Initializing Servlet ''
2025-01-19T13:53:40.917Z  INFO 7108 --- [ILP_cw1] [           main] o.s.t.web.servlet.TestDispatcherServlet  : Completed initialization in 0 ms
]]></system-out>
  </testcase>
  <testcase name="testIsInRegion_InvalidCollinearPolygon" classname="com.example.ilp_cw1.api.ApiTest" time="0.012">
    <system-out><![CDATA[2025-01-19T13:53:40.929Z  INFO 7108 --- [ILP_cw1] [           main] o.a.c.c.C.[Tomcat].[localhost].[/]       : Initializing Spring TestDispatcherServlet ''
2025-01-19T13:53:40.929Z  INFO 7108 --- [ILP_cw1] [           main] o.s.t.web.servlet.TestDispatcherServlet  : Initializing Servlet ''
2025-01-19T13:53:40.930Z  INFO 7108 --- [ILP_cw1] [           main] o.s.t.web.servlet.TestDispatcherServlet  : Completed initialization in 1 ms
2025-01-19T13:53:40.931Z  INFO 7108 --- [ILP_cw1] [           main] o.a.c.c.C.[Tomcat].[localhost].[/]       : Initializing Spring TestDispatcherServlet ''
2025-01-19T13:53:40.931Z  INFO 7108 --- [ILP_cw1] [           main] o.s.t.web.servlet.TestDispatcherServlet  : Initializing Servlet ''
2025-01-19T13:53:40.932Z  INFO 7108 --- [ILP_cw1] [           main] o.s.t.web.servlet.TestDispatcherServlet  : Completed initialization in 1 ms
]]></system-out>
  </testcase>
  <testcase name="testGetDistanceTo_InvalidCoordinates" classname="com.example.ilp_cw1.api.ApiTest" time="0.011">
    <system-out><![CDATA[2025-01-19T13:53:40.945Z  INFO 7108 --- [ILP_cw1] [           main] o.a.c.c.C.[Tomcat].[localhost].[/]       : Initializing Spring TestDispatcherServlet ''
2025-01-19T13:53:40.945Z  INFO 7108 --- [ILP_cw1] [           main] o.s.t.web.servlet.TestDispatcherServlet  : Initializing Servlet ''
2025-01-19T13:53:40.946Z  INFO 7108 --- [ILP_cw1] [           main] o.s.t.web.servlet.TestDispatcherServlet  : Completed initialization in 0 ms
2025-01-19T13:53:40.947Z  INFO 7108 --- [ILP_cw1] [           main] o.a.c.c.C.[Tomcat].[localhost].[/]       : Initializing Spring TestDispatcherServlet ''
2025-01-19T13:53:40.947Z  INFO 7108 --- [ILP_cw1] [           main] o.s.t.web.servlet.TestDispatcherServlet  : Initializing Servlet ''
2025-01-19T13:53:40.948Z  INFO 7108 --- [ILP_cw1] [           main] o.s.t.web.servlet.TestDispatcherServlet  : Completed initialization in 1 ms
]]></system-out>
  </testcase>
  <testcase name="testIsInRegion_ValidPointOutside" classname="com.example.ilp_cw1.api.ApiTest" time="0.016">
    <system-out><![CDATA[2025-01-19T13:53:40.957Z  INFO 7108 --- [ILP_cw1] [           main] o.a.c.c.C.[Tomcat].[localhost].[/]       : Initializing Spring TestDispatcherServlet ''
2025-01-19T13:53:40.957Z  INFO 7108 --- [ILP_cw1] [           main] o.s.t.web.servlet.TestDispatcherServlet  : Initializing Servlet ''
2025-01-19T13:53:40.958Z  INFO 7108 --- [ILP_cw1] [           main] o.s.t.web.servlet.TestDispatcherServlet  : Completed initialization in 1 ms
2025-01-19T13:53:40.960Z  INFO 7108 --- [ILP_cw1] [           main] o.a.c.c.C.[Tomcat].[localhost].[/]       : Initializing Spring TestDispatcherServlet ''
2025-01-19T13:53:40.960Z  INFO 7108 --- [ILP_cw1] [           main] o.s.t.web.servlet.TestDispatcherServlet  : Initializing Servlet ''
2025-01-19T13:53:40.961Z  INFO 7108 --- [ILP_cw1] [           main] o.s.t.web.servlet.TestDispatcherServlet  : Completed initialization in 1 ms
]]></system-out>
  </testcase>
  <testcase name="testValidateOrder_MaxPizzaCountExceeded_ShouldReturnInvalidWithMaxPizzaCountExceededCode" classname="com.example.ilp_cw1.api.ApiTest" time="0.221">
    <system-out><![CDATA[2025-01-19T13:53:40.976Z  INFO 7108 --- [ILP_cw1] [           main] o.a.c.c.C.[Tomcat].[localhost].[/]       : Initializing Spring TestDispatcherServlet ''
2025-01-19T13:53:40.976Z  INFO 7108 --- [ILP_cw1] [           main] o.s.t.web.servlet.TestDispatcherServlet  : Initializing Servlet ''
2025-01-19T13:53:40.977Z  INFO 7108 --- [ILP_cw1] [           main] o.s.t.web.servlet.TestDispatcherServlet  : Completed initialization in 1 ms
]]></system-out>
  </testcase>
  <testcase name="testGetNextPosition_ValidInput" classname="com.example.ilp_cw1.api.ApiTest" time="0.032">
    <system-out><![CDATA[2025-01-19T13:53:41.198Z  INFO 7108 --- [ILP_cw1] [           main] o.a.c.c.C.[Tomcat].[localhost].[/]       : Initializing Spring TestDispatcherServlet ''
2025-01-19T13:53:41.199Z  INFO 7108 --- [ILP_cw1] [           main] o.s.t.web.servlet.TestDispatcherServlet  : Initializing Servlet ''
2025-01-19T13:53:41.199Z  INFO 7108 --- [ILP_cw1] [           main] o.s.t.web.servlet.TestDispatcherServlet  : Completed initialization in 0 ms
2025-01-19T13:53:41.200Z  INFO 7108 --- [ILP_cw1] [           main] o.a.c.c.C.[Tomcat].[localhost].[/]       : Initializing Spring TestDispatcherServlet ''
2025-01-19T13:53:41.201Z  INFO 7108 --- [ILP_cw1] [           main] o.s.t.web.servlet.TestDispatcherServlet  : Initializing Servlet ''
2025-01-19T13:53:41.201Z  INFO 7108 --- [ILP_cw1] [           main] o.s.t.web.servlet.TestDispatcherServlet  : Completed initialization in 0 ms
]]></system-out>
  </testcase>
  <testcase name="testCalcDeliveryPathPerformance" classname="com.example.ilp_cw1.api.ApiTest" time="0.877">
    <system-out><![CDATA[2025-01-19T13:53:41.233Z  INFO 7108 --- [ILP_cw1] [           main] o.a.c.c.C.[Tomcat].[localhost].[/]       : Initializing Spring TestDispatcherServlet ''
2025-01-19T13:53:41.233Z  INFO 7108 --- [ILP_cw1] [           main] o.s.t.web.servlet.TestDispatcherServlet  : Initializing Servlet ''
2025-01-19T13:53:41.234Z  INFO 7108 --- [ILP_cw1] [           main] o.s.t.web.servlet.TestDispatcherServlet  : Completed initialization in 1 ms
2025-01-19T13:53:41.235Z  INFO 7108 --- [ILP_cw1] [           main] o.a.c.c.C.[Tomcat].[localhost].[/]       : Initializing Spring TestDispatcherServlet ''
2025-01-19T13:53:41.235Z  INFO 7108 --- [ILP_cw1] [           main] o.s.t.web.servlet.TestDispatcherServlet  : Initializing Servlet ''
2025-01-19T13:53:41.235Z  INFO 7108 --- [ILP_cw1] [           main] o.s.t.web.servlet.TestDispatcherServlet  : Completed initialization in 0 ms
]]></system-out>
  </testcase>
  <testcase name="testIsCloseTo_UnexpectedError" classname="com.example.ilp_cw1.api.ApiTest" time="0.005">
    <system-out><![CDATA[2025-01-19T13:53:42.108Z  INFO 7108 --- [ILP_cw1] [           main] o.a.c.c.C.[Tomcat].[localhost].[/]       : Initializing Spring TestDispatcherServlet ''
2025-01-19T13:53:42.109Z  INFO 7108 --- [ILP_cw1] [           main] o.s.t.web.servlet.TestDispatcherServlet  : Initializing Servlet ''
2025-01-19T13:53:42.109Z  INFO 7108 --- [ILP_cw1] [           main] o.s.t.web.servlet.TestDispatcherServlet  : Completed initialization in 0 ms
2025-01-19T13:53:42.109Z  INFO 7108 --- [ILP_cw1] [           main] o.a.c.c.C.[Tomcat].[localhost].[/]       : Initializing Spring TestDispatcherServlet ''
2025-01-19T13:53:42.110Z  INFO 7108 --- [ILP_cw1] [           main] o.s.t.web.servlet.TestDispatcherServlet  : Initializing Servlet ''
2025-01-19T13:53:42.110Z  INFO 7108 --- [ILP_cw1] [           main] o.s.t.web.servlet.TestDispatcherServlet  : Completed initialization in 0 ms
2025-01-19T13:53:42.111Z  WARN 7108 --- [ILP_cw1] [           main] .w.s.m.s.DefaultHandlerExceptionResolver : Resolved [org.springframework.http.converter.HttpMessageNotReadableException: JSON parse error: Unexpected end-of-input: expected close marker for Object (start marker at [Source: REDACTED (`StreamReadFeature.INCLUDE_SOURCE_IN_LOCATION` disabled); line: 1, column: 1])]
]]></system-out>
  </testcase>
  <testcase name="testCalcDeliveryPathAsGeoJsonPerformance" classname="com.example.ilp_cw1.api.ApiTest" time="0.374">
    <system-out><![CDATA[2025-01-19T13:53:42.115Z  INFO 7108 --- [ILP_cw1] [           main] o.a.c.c.C.[Tomcat].[localhost].[/]       : Initializing Spring TestDispatcherServlet ''
2025-01-19T13:53:42.115Z  INFO 7108 --- [ILP_cw1] [           main] o.s.t.web.servlet.TestDispatcherServlet  : Initializing Servlet ''
2025-01-19T13:53:42.116Z  INFO 7108 --- [ILP_cw1] [           main] o.s.t.web.servlet.TestDispatcherServlet  : Completed initialization in 1 ms
2025-01-19T13:53:42.116Z  INFO 7108 --- [ILP_cw1] [           main] o.a.c.c.C.[Tomcat].[localhost].[/]       : Initializing Spring TestDispatcherServlet ''
2025-01-19T13:53:42.117Z  INFO 7108 --- [ILP_cw1] [           main] o.s.t.web.servlet.TestDispatcherServlet  : Initializing Servlet ''
2025-01-19T13:53:42.117Z  INFO 7108 --- [ILP_cw1] [           main] o.s.t.web.servlet.TestDispatcherServlet  : Completed initialization in 0 ms
]]></system-out>
  </testcase>
  <testcase name="testCalcDeliveryPath_InvalidOrder_ShouldReturnBadRequest" classname="com.example.ilp_cw1.api.ApiTest" time="0.006">
    <system-out><![CDATA[2025-01-19T13:53:42.489Z  INFO 7108 --- [ILP_cw1] [           main] o.a.c.c.C.[Tomcat].[localhost].[/]       : Initializing Spring TestDispatcherServlet ''
2025-01-19T13:53:42.490Z  INFO 7108 --- [ILP_cw1] [           main] o.s.t.web.servlet.TestDispatcherServlet  : Initializing Servlet ''
2025-01-19T13:53:42.490Z  INFO 7108 --- [ILP_cw1] [           main] o.s.t.web.servlet.TestDispatcherServlet  : Completed initialization in 0 ms
]]></system-out>
  </testcase>
  <testcase name="testGetNextPosition_InvalidCoordinates" classname="com.example.ilp_cw1.api.ApiTest" time="0.008">
    <system-out><![CDATA[2025-01-19T13:53:42.498Z  INFO 7108 --- [ILP_cw1] [           main] o.a.c.c.C.[Tomcat].[localhost].[/]       : Initializing Spring TestDispatcherServlet ''
2025-01-19T13:53:42.498Z  INFO 7108 --- [ILP_cw1] [           main] o.s.t.web.servlet.TestDispatcherServlet  : Initializing Servlet ''
2025-01-19T13:53:42.498Z  INFO 7108 --- [ILP_cw1] [           main] o.s.t.web.servlet.TestDispatcherServlet  : Completed initialization in 0 ms
2025-01-19T13:53:42.499Z  INFO 7108 --- [ILP_cw1] [           main] o.a.c.c.C.[Tomcat].[localhost].[/]       : Initializing Spring TestDispatcherServlet ''
2025-01-19T13:53:42.499Z  INFO 7108 --- [ILP_cw1] [           main] o.s.t.web.servlet.TestDispatcherServlet  : Initializing Servlet ''
2025-01-19T13:53:42.499Z  INFO 7108 --- [ILP_cw1] [           main] o.s.t.web.servlet.TestDispatcherServlet  : Completed initialization in 0 ms
]]></system-out>
  </testcase>
  <testcase name="testIsCloseTo_ClosePositions" classname="com.example.ilp_cw1.api.ApiTest" time="0.007">
    <system-out><![CDATA[2025-01-19T13:53:42.507Z  INFO 7108 --- [ILP_cw1] [           main] o.a.c.c.C.[Tomcat].[localhost].[/]       : Initializing Spring TestDispatcherServlet ''
2025-01-19T13:53:42.507Z  INFO 7108 --- [ILP_cw1] [           main] o.s.t.web.servlet.TestDispatcherServlet  : Initializing Servlet ''
2025-01-19T13:53:42.508Z  INFO 7108 --- [ILP_cw1] [           main] o.s.t.web.servlet.TestDispatcherServlet  : Completed initialization in 1 ms
2025-01-19T13:53:42.509Z  INFO 7108 --- [ILP_cw1] [           main] o.a.c.c.C.[Tomcat].[localhost].[/]       : Initializing Spring TestDispatcherServlet ''
2025-01-19T13:53:42.509Z  INFO 7108 --- [ILP_cw1] [           main] o.s.t.web.servlet.TestDispatcherServlet  : Initializing Servlet ''
2025-01-19T13:53:42.510Z  INFO 7108 --- [ILP_cw1] [           main] o.s.t.web.servlet.TestDispatcherServlet  : Completed initialization in 1 ms
]]></system-out>
  </testcase>
  <testcase name="testIsInRegion_ValidPointInside" classname="com.example.ilp_cw1.api.ApiTest" time="0.011">
    <system-out><![CDATA[2025-01-19T13:53:42.515Z  INFO 7108 --- [ILP_cw1] [           main] o.a.c.c.C.[Tomcat].[localhost].[/]       : Initializing Spring TestDispatcherServlet ''
2025-01-19T13:53:42.516Z  INFO 7108 --- [ILP_cw1] [           main] o.s.t.web.servlet.TestDispatcherServlet  : Initializing Servlet ''
2025-01-19T13:53:42.516Z  INFO 7108 --- [ILP_cw1] [           main] o.s.t.web.servlet.TestDispatcherServlet  : Completed initialization in 0 ms
2025-01-19T13:53:42.517Z  INFO 7108 --- [ILP_cw1] [           main] o.a.c.c.C.[Tomcat].[localhost].[/]       : Initializing Spring TestDispatcherServlet ''
2025-01-19T13:53:42.517Z  INFO 7108 --- [ILP_cw1] [           main] o.s.t.web.servlet.TestDispatcherServlet  : Initializing Servlet ''
2025-01-19T13:53:42.518Z  INFO 7108 --- [ILP_cw1] [           main] o.s.t.web.servlet.TestDispatcherServlet  : Completed initialization in 1 ms
]]></system-out>
  </testcase>
  <testcase name="testGetNextPosition_OutOfBounds" classname="com.example.ilp_cw1.api.ApiTest" time="0.008">
    <system-out><![CDATA[2025-01-19T13:53:42.528Z  INFO 7108 --- [ILP_cw1] [           main] o.a.c.c.C.[Tomcat].[localhost].[/]       : Initializing Spring TestDispatcherServlet ''
2025-01-19T13:53:42.528Z  INFO 7108 --- [ILP_cw1] [           main] o.s.t.web.servlet.TestDispatcherServlet  : Initializing Servlet ''
2025-01-19T13:53:42.529Z  INFO 7108 --- [ILP_cw1] [           main] o.s.t.web.servlet.TestDispatcherServlet  : Completed initialization in 1 ms
2025-01-19T13:53:42.529Z  INFO 7108 --- [ILP_cw1] [           main] o.a.c.c.C.[Tomcat].[localhost].[/]       : Initializing Spring TestDispatcherServlet ''
2025-01-19T13:53:42.530Z  INFO 7108 --- [ILP_cw1] [           main] o.s.t.web.servlet.TestDispatcherServlet  : Initializing Servlet ''
2025-01-19T13:53:42.530Z  INFO 7108 --- [ILP_cw1] [           main] o.s.t.web.servlet.TestDispatcherServlet  : Completed initialization in 0 ms
]]></system-out>
  </testcase>
  <testcase name="testValidateOrder_MultipleRestaurants_ShouldReturnInvalidWithMultipleRestaurantsCode" classname="com.example.ilp_cw1.api.ApiTest" time="0.472">
    <system-out><![CDATA[2025-01-19T13:53:42.537Z  INFO 7108 --- [ILP_cw1] [           main] o.a.c.c.C.[Tomcat].[localhost].[/]       : Initializing Spring TestDispatcherServlet ''
2025-01-19T13:53:42.538Z  INFO 7108 --- [ILP_cw1] [           main] o.s.t.web.servlet.TestDispatcherServlet  : Initializing Servlet ''
2025-01-19T13:53:42.539Z  INFO 7108 --- [ILP_cw1] [           main] o.s.t.web.servlet.TestDispatcherServlet  : Completed initialization in 1 ms
]]></system-out>
  </testcase>
</testsuite>